Build started 8/17/2021 2:20:56 AM.
     1>Project "G:\kernel_backups\Bugs\new_bugs\ObpCreateSymbolicLinkName\MemoryCorruption\ObpCreateSymbolicLinkName_POC\ObpCreateSymbolicLinkName_POC\ObpCreateSymbolicLinkName_POC.vcxproj" on node 2 (Build target(s)).
     1>ClCompile:
         C:\Program Files (x86)\Microsoft Visual Studio 11.0\VC\bin\x86_amd64\CL.exe /c /Zi /nologo /W3 /WX- /O2 /Oi /GL /D WIN32 /D NDEBUG /D _CONSOLE /D _UNICODE /D UNICODE /Gm- /EHsc /MD /GS /Gy /fp:precise /Zc:wchar_t /Zc:forScope /Yc"stdafx.h" /Fp"x64\Release\ObpCreateSymbolicLinkName_POC.pch" /Fo"x64\Release\\" /Fd"x64\Release\vc110.pdb" /Gd /TP /errorReport:prompt stdafx.cpp
         stdafx.cpp
         C:\Program Files (x86)\Microsoft Visual Studio 11.0\VC\bin\x86_amd64\CL.exe /c /Zi /nologo /W3 /WX- /O2 /Oi /GL /D WIN32 /D NDEBUG /D _CONSOLE /D _UNICODE /D UNICODE /Gm- /EHsc /MD /GS /Gy /fp:precise /Zc:wchar_t /Zc:forScope /Yu"stdafx.h" /Fp"x64\Release\ObpCreateSymbolicLinkName_POC.pch" /Fo"x64\Release\\" /Fd"x64\Release\vc110.pdb" /Gd /TP /errorReport:prompt ObpCreateSymbolicLinkName_POC.cpp
         ObpCreateSymbolicLinkName_POC.cpp
     1>ObpCreateSymbolicLinkName_POC.cpp(39): warning C4244: 'argument' : conversion from 'time_t' to 'unsigned int', possible loss of data
     1>ObpCreateSymbolicLinkName_POC.cpp(52): warning C4996: 'wcscpy': This function or variable may be unsafe. Consider using wcscpy_s instead. To disable deprecation, use _CRT_SECURE_NO_WARNINGS. See online help for details.
                 C:\Program Files (x86)\Microsoft Visual Studio 11.0\VC\include\wchar.h(1025) : see declaration of 'wcscpy'
     1>ObpCreateSymbolicLinkName_POC.cpp(54): warning C4267: '=' : conversion from 'size_t' to 'unsigned short', possible loss of data
     1>ObpCreateSymbolicLinkName_POC.cpp(60): warning C4267: '=' : conversion from 'size_t' to 'unsigned short', possible loss of data
     1>ObpCreateSymbolicLinkName_POC.cpp(67): warning C4244: '=' : conversion from 'unsigned long' to 'wchar_t', possible loss of data
     1>ObpCreateSymbolicLinkName_POC.cpp(100): warning C4244: 'argument' : conversion from 'time_t' to 'unsigned int', possible loss of data
     1>ObpCreateSymbolicLinkName_POC.cpp(124): warning C4267: '=' : conversion from 'size_t' to 'unsigned short', possible loss of data
     1>ObpCreateSymbolicLinkName_POC.cpp(144): warning C4267: '=' : conversion from 'size_t' to 'unsigned short', possible loss of data
       Link:
         C:\Program Files (x86)\Microsoft Visual Studio 11.0\VC\bin\x86_amd64\link.exe /ERRORREPORT:PROMPT /OUT:"G:\kernel_backups\Bugs\new_bugs\ObpCreateSymbolicLinkName\MemoryCorruption\ObpCreateSymbolicLinkName_POC\x64\Release\ObpCreateSymbolicLinkName_POC.exe" /INCREMENTAL:NO /NOLOGO ntdll.lib kernel32.lib user32.lib gdi32.lib winspool.lib comdlg32.lib advapi32.lib shell32.lib ole32.lib oleaut32.lib uuid.lib odbc32.lib odbccp32.lib /MANIFEST /MANIFESTUAC:"level='asInvoker' uiAccess='false'" /manifest:embed /DEBUG /PDB:"G:\kernel_backups\Bugs\new_bugs\ObpCreateSymbolicLinkName\MemoryCorruption\ObpCreateSymbolicLinkName_POC\x64\Release\ObpCreateSymbolicLinkName_POC.pdb" /SUBSYSTEM:CONSOLE /OPT:REF /OPT:ICF /LTCG /TLBID:1 /DYNAMICBASE /NXCOMPAT /IMPLIB:"G:\kernel_backups\Bugs\new_bugs\ObpCreateSymbolicLinkName\MemoryCorruption\ObpCreateSymbolicLinkName_POC\x64\Release\ObpCreateSymbolicLinkName_POC.lib" /MACHINE:X64 x64\Release\ObpCreateSymbolicLinkName_POC.obj
         x64\Release\stdafx.obj
         Generating code
         Finished generating code
         ObpCreateSymbolicLinkName_POC.vcxproj -> G:\kernel_backups\Bugs\new_bugs\ObpCreateSymbolicLinkName\MemoryCorruption\ObpCreateSymbolicLinkName_POC\x64\Release\ObpCreateSymbolicLinkName_POC.exe
     1>Done Building Project "G:\kernel_backups\Bugs\new_bugs\ObpCreateSymbolicLinkName\MemoryCorruption\ObpCreateSymbolicLinkName_POC\ObpCreateSymbolicLinkName_POC\ObpCreateSymbolicLinkName_POC.vcxproj" (Build target(s)).

Build succeeded.

Time Elapsed 00:00:02.66
